<?xml version="1.0" encoding="UTF-8"?>
<testng-results ignored="0" total="1" passed="1" failed="0" skipped="0">
  <reporter-output>
  </reporter-output>
  <suite started-at="2022-10-05T10:16:22 IST" name="Default suite" finished-at="2022-10-05T10:16:30 IST" duration-ms="7416">
    <groups>
    </groups>
    <test started-at="2022-10-05T10:16:22 IST" name="Default test" finished-at="2022-10-05T10:16:30 IST" duration-ms="7416">
      <class name="com.NopCommerece.testscripts.RegisterUsers">
        <test-method is-config="true" signature="start()[pri:0, instance:com.NopCommerece.testscripts.RegisterUsers@4e3958e7]" started-at="2022-10-05T10:16:14 IST" name="start" finished-at="2022-10-05T10:16:22 IST" duration-ms="8363" status="PASS">
          <reporter-output>
          </reporter-output>
        </test-method> <!-- start -->
        <test-method is-config="true" signature="initialize()[pri:0, instance:com.NopCommerece.testscripts.RegisterUsers@4e3958e7]" started-at="2022-10-05T10:16:22 IST" name="initialize" finished-at="2022-10-05T10:16:26 IST" duration-ms="3933" status="PASS">
          <reporter-output>
          </reporter-output>
        </test-method> <!-- initialize -->
        <test-method signature="registerUser()[pri:0, instance:com.NopCommerece.testscripts.RegisterUsers@4e3958e7]" started-at="2022-10-05T10:16:26 IST" name="registerUser" finished-at="2022-10-05T10:16:30 IST" duration-ms="3436" status="PASS">
          <reporter-output>
          </reporter-output>
        </test-method> <!-- registerUser -->
        <test-method is-config="true" signature="testReportResult(org.testng.ITestResult)[pri:0, instance:com.NopCommerece.testscripts.RegisterUsers@4e3958e7]" started-at="2022-10-05T10:16:30 IST" name="testReportResult" finished-at="2022-10-05T10:16:30 IST" duration-ms="7" status="PASS">
          <params>
            <param index="0">
              <value>
                <![CDATA[[TestResult name=registerUser status=SUCCESS method=RegisterUsers.registerUser()[pri:0, instance:com.NopCommerece.testscripts.RegisterUsers@4e3958e7] output={null}]]]>
              </value>
            </param>
          </params>
          <reporter-output>
          </reporter-output>
        </test-method> <!-- testReportResult -->
        <test-method is-config="true" signature="tearDown()[pri:0, instance:com.NopCommerece.testscripts.RegisterUsers@4e3958e7]" started-at="2022-10-05T10:16:30 IST" name="tearDown" finished-at="2022-10-05T10:16:30 IST" duration-ms="538" status="PASS">
          <reporter-output>
          </reporter-output>
        </test-method> <!-- tearDown -->
        <test-method is-config="true" signature="teardown()[pri:0, instance:com.NopCommerece.testscripts.RegisterUsers@4e3958e7]" started-at="2022-10-05T10:16:30 IST" name="teardown" finished-at="2022-10-05T10:16:31 IST" duration-ms="757" status="PASS">
          <reporter-output>
          </reporter-output>
        </test-method> <!-- teardown -->
      </class> <!-- com.NopCommerece.testscripts.RegisterUsers -->
    </test> <!-- Default test -->
  </suite> <!-- Default suite -->
</testng-results>
